\BOOKMARK [0][-]{chapter*.1}{\376\377\000Q\000U\000I\000C\000K\000\040\000S\000T\000A\000R\000T}{}% 1
\BOOKMARK [0][-]{chapter*.2}{\376\377\000I\000n\000t\000r\000o\000d\000u\000c\000t\000i\000o\000n}{}% 2
\BOOKMARK [0][-]{chapter.1}{\376\377\000T\000h\000e\000\040\000h\000a\000r\000d\000w\000a\000r\000e}{}% 3
\BOOKMARK [1][-]{section*.3}{\376\377\000T\000h\000e\000\040\000s\000u\000r\000f\000a\000c\000e}{chapter.1}% 4
\BOOKMARK [1][-]{section*.4}{\376\377\000S\000e\000t\000u\000p}{chapter.1}% 5
\BOOKMARK [1][-]{section*.5}{\376\377\000B\000r\000e\000a\000k\000\040\000i\000n\000\040\000a\000n\000d\000\040\000f\000i\000r\000s\000t\000\040\000p\000l\000a\000y\000i\000n\000g}{chapter.1}% 6
\BOOKMARK [1][-]{section*.6}{\376\377\000H\000o\000w\000\040\000i\000t\000\040\000w\000o\000r\000k\000s\000,\000\040\000b\000r\000i\000e\000f\000l\000y}{chapter.1}% 7
\BOOKMARK [0][-]{chapter.2}{\376\377\000T\000h\000e\000\040\000s\000o\000f\000t\000w\000a\000r\000e}{}% 8
\BOOKMARK [1][-]{section*.7}{\376\377\000C\000a\000l\000i\000b\000r\000a\000t\000i\000n\000g}{chapter.2}% 9
\BOOKMARK [1][-]{section*.8}{\376\377\000P\000r\000e\000s\000e\000t\000\040\000m\000e\000n\000u}{chapter.2}% 10
\BOOKMARK [1][-]{section*.9}{\376\377\000G\000r\000i\000d\000\040\000v\000i\000e\000w}{chapter.2}% 11
\BOOKMARK [1][-]{section*.10}{\376\377\000T\000o\000u\000c\000h\000\040\000v\000i\000e\000w}{chapter.2}% 12
\BOOKMARK [1][-]{section*.11}{\376\377\000T\000h\000e\000\040\000f\000o\000o\000t\000e\000r}{chapter.2}% 13
\BOOKMARK [1][-]{section*.12}{\376\377\000Z\000o\000n\000e\000s\000\040\000p\000a\000g\000e}{chapter.2}% 14
\BOOKMARK [1][-]{section*.13}{\376\377\000E\000x\000p\000e\000r\000t\000\040\000p\000a\000g\000e}{chapter.2}% 15
\BOOKMARK [1][-]{section*.14}{\376\377\000W\000o\000r\000k\000i\000n\000g\000\040\000w\000i\000t\000h\000\040\000s\000o\000u\000n\000d\000\040\000e\000n\000g\000i\000n\000e\000s}{chapter.2}% 16
\BOOKMARK [0][-]{chapter.3}{\376\377\000P\000u\000t\000t\000i\000n\000g\000\040\000i\000t\000\040\000t\000o\000g\000e\000t\000h\000e\000r}{}% 17
\BOOKMARK [1][-]{section*.15}{\376\377\000P\000l\000a\000y\000i\000n\000g\000\040\000t\000e\000c\000h\000n\000i\000q\000u\000e}{chapter.3}% 18
\BOOKMARK [1][-]{section*.16}{\376\377\000H\000y\000s\000t\000e\000r\000e\000s\000i\000s}{chapter.3}% 19
\BOOKMARK [1][-]{section*.17}{\376\377\000P\000r\000o\000x\000i\000m\000i\000t\000y}{chapter.3}% 20
\BOOKMARK [1][-]{section*.18}{\376\377\000T\000o\000u\000c\000h\000\040\000s\000p\000e\000e\000d\000\040\000a\000n\000d\000\040\000d\000y\000n\000a\000m\000i\000c\000\040\000c\000a\000l\000i\000b\000r\000a\000t\000i\000o\000n}{chapter.3}% 21
\BOOKMARK [0][-]{chapter.4}{\376\377\000C\000a\000r\000e\000\040\000a\000n\000d\000\040\000f\000e\000e\000d\000i\000n\000g}{}% 22
\BOOKMARK [0][-]{appendix.A}{\376\377\000F\000r\000e\000q\000u\000e\000n\000t\000l\000y\000\040\000a\000s\000k\000e\000d\000\040\000q\000u\000e\000s\000t\000i\000o\000n\000s}{}% 23
